0 info it worked if it ends with ok
1 verbose cli [ 'c:\\Program Files\\nodejs\\node.exe',
1 verbose cli   'c:\\Program Files\\nodejs\\node_modules\\npm\\bin\\npm-cli.js',
1 verbose cli   'install' ]
2 info using npm@2.5.1
3 info using node@v0.12.0
4 error install Couldn't read dependencies
5 verbose stack Error: Invalid version: "0.0.corgi"
5 verbose stack     at Object.module.exports.fixVersionField (c:\Program Files\nodejs\node_modules\npm\node_modules\normalize-package-data\lib\fixer.js:190:13)
5 verbose stack     at c:\Program Files\nodejs\node_modules\npm\node_modules\normalize-package-data\lib\normalize.js:30:38
5 verbose stack     at Array.forEach (native)
5 verbose stack     at normalize (c:\Program Files\nodejs\node_modules\npm\node_modules\normalize-package-data\lib\normalize.js:29:15)
5 verbose stack     at final (c:\Program Files\nodejs\node_modules\npm\node_modules\read-package-json\read-json.js:342:33)
5 verbose stack     at then (c:\Program Files\nodejs\node_modules\npm\node_modules\read-package-json\read-json.js:126:33)
5 verbose stack     at c:\Program Files\nodejs\node_modules\npm\node_modules\read-package-json\read-json.js:331:40
5 verbose stack     at evalmachine.<anonymous>:336:14
5 verbose stack     at c:\Program Files\nodejs\node_modules\npm\node_modules\graceful-fs\graceful-fs.js:102:5
5 verbose stack     at FSReqWrap.oncomplete (evalmachine.<anonymous>:99:15)
6 verbose cwd c:\Users\adamlg\Documents\Mksq\awkwardalpacas
7 error Windows_NT 6.3.9600
8 error argv "c:\\Program Files\\nodejs\\node.exe" "c:\\Program Files\\nodejs\\node_modules\\npm\\bin\\npm-cli.js" "install"
9 error node v0.12.0
10 error npm  v2.5.1
11 error Invalid version: "0.0.corgi"
12 error If you need help, you may report this error at:
12 error     <http://github.com/npm/npm/issues>
13 verbose exit [ 1, true ]
